20:56:57.357 INFO  utilities.Util -Current Date and Time :: 12_05_2020 20_56_57
20:56:57.563 INFO  base.TestListeners -onStart -> Test Tag Name: Application Test
20:56:57.563 INFO  base.TestListeners -These methods will be executed in this <test> tag
20:56:57.563 INFO  base.TestListeners -loginVerify
20:56:57.563 INFO  base.TestListeners -regressionTest1
20:56:57.563 INFO  base.TestListeners -regressionTest2
20:56:57.563 INFO  base.TestListeners -verifyAboutUSpage
20:57:00.007 INFO  base.TestListeners -onTestSkipped -> Test Method Name: loginVerify
20:57:00.011 INFO  base.TestListeners -onTestFailure -> Test Method Name: loginVerify
20:57:00.037 INFO  base.TestListeners -onFinish -> Test Tag Name: Application Test
20:57:21.524 INFO  utilities.Util -Current Date and Time :: 12_05_2020 20_57_21
20:57:21.776 INFO  base.TestListeners -onStart -> Test Tag Name: Application Test
20:57:21.776 INFO  base.TestListeners -These methods will be executed in this <test> tag
20:57:21.776 INFO  base.TestListeners -loginVerify
20:57:21.776 INFO  base.TestListeners -regressionTest1
20:57:21.776 INFO  base.TestListeners -regressionTest2
20:57:21.776 INFO  base.TestListeners -verifyAboutUSpage
20:57:24.267 INFO  base.TestListeners -onTestSkipped -> Test Method Name: loginVerify
20:57:24.272 INFO  base.TestListeners -onTestFailure -> Test Method Name: loginVerify
20:57:24.314 INFO  base.TestListeners -onFinish -> Test Tag Name: Application Test
20:58:25.088 INFO  utilities.Util -Current Date and Time :: 12_05_2020 20_58_25
20:58:25.321 INFO  base.TestListeners -onStart -> Test Tag Name: Application Test
20:58:25.321 INFO  base.TestListeners -These methods will be executed in this <test> tag
20:58:25.321 INFO  base.TestListeners -loginVerify
20:58:25.321 INFO  base.TestListeners -regressionTest1
20:58:25.321 INFO  base.TestListeners -regressionTest2
20:58:25.321 INFO  base.TestListeners -verifyAboutUSpage
20:58:42.695 INFO  testClasses.TestClass -Login varify Test Started......................................
20:58:43.669 INFO  pageClasses.LoginPage -Loggin into account ............................
20:58:50.518 INFO  pageClasses.LoginPage -Loged in into Account............................
20:58:50.620 INFO  testClasses.TestClass -Login varify Test Passed ......................................
20:58:50.620 INFO  base.TestListeners -onTestSuccess -> Test Method Name: loginVerify
20:58:58.325 INFO  testClasses.TestClass -about us flag verify pass....................................
20:58:58.326 INFO  base.TestListeners -onTestSuccess -> Test Method Name: verifyAboutUSpage
20:58:58.328 INFO  testClasses.TestClass -regression Test1 Started......................................
20:58:58.328 INFO  testClasses.TestClass -regression Test1 end..........................................
20:58:58.328 INFO  base.TestListeners -onTestSuccess -> Test Method Name: regressionTest1
20:58:58.329 INFO  testClasses.TestClass -regression Test2 Started......................................
20:58:58.329 INFO  testClasses.TestClass -regression Test2 end..........................................
20:58:58.329 INFO  base.TestListeners -onTestSuccess -> Test Method Name: regressionTest2
20:58:59.606 INFO  base.TestListeners -onFinish -> Test Tag Name: Application Test
21:30:05.516 INFO  utilities.Util -Current Date and Time :: 12_05_2020 21_30_05
21:30:05.703 INFO  base.TestListeners -onStart -> Test Tag Name: Application Test
21:30:05.703 INFO  base.TestListeners -These methods will be executed in this <test> tag
21:30:05.703 INFO  base.TestListeners -loginVerify
21:30:05.703 INFO  base.TestListeners -regressionTest1
21:30:05.703 INFO  base.TestListeners -regressionTest2
21:30:05.703 INFO  base.TestListeners -verifyAboutUSpage
21:30:13.053 INFO  testClasses.TestClass -Login varify Test Started......................................
21:30:13.827 INFO  pageClasses.LoginPage -Loggin into account ............................
21:30:20.013 INFO  pageClasses.LoginPage -Loged in into Account............................
21:30:20.087 INFO  testClasses.TestClass -Login varify Test Passed ......................................
21:30:20.087 INFO  base.TestListeners -onTestSuccess -> Test Method Name: loginVerify
21:30:26.339 INFO  testClasses.TestClass -about us flag verify pass....................................
21:30:26.340 INFO  base.TestListeners -onTestSuccess -> Test Method Name: verifyAboutUSpage
21:30:26.342 INFO  testClasses.TestClass -regression Test1 Started......................................
21:30:26.343 INFO  testClasses.TestClass -regression Test1 end..........................................
21:30:26.343 INFO  base.TestListeners -onTestSuccess -> Test Method Name: regressionTest1
21:30:26.344 INFO  testClasses.TestClass -regression Test2 Started......................................
21:30:26.345 INFO  testClasses.TestClass -regression Test2 end..........................................
21:30:26.345 INFO  base.TestListeners -onTestSuccess -> Test Method Name: regressionTest2
21:30:27.078 INFO  base.TestListeners -onFinish -> Test Tag Name: Application Test
21:31:23.721 INFO  utilities.Util -Current Date and Time :: 12_05_2020 21_31_23
21:31:23.911 INFO  base.TestListeners -onStart -> Test Tag Name: Application Test
21:31:23.911 INFO  base.TestListeners -These methods will be executed in this <test> tag
21:31:23.911 INFO  base.TestListeners -loginVerify
21:31:23.911 INFO  base.TestListeners -regressionTest1
21:31:23.911 INFO  base.TestListeners -regressionTest2
21:31:23.911 INFO  base.TestListeners -verifyAboutUSpage
21:31:24.412 INFO  base.TestListeners -onTestSkipped -> Test Method Name: loginVerify
21:31:24.415 INFO  base.TestListeners -onTestFailure -> Test Method Name: loginVerify
21:31:24.449 INFO  base.TestListeners -onFinish -> Test Tag Name: Application Test
21:32:13.227 INFO  utilities.Util -Current Date and Time :: 12_05_2020 21_32_13
21:32:13.411 INFO  base.TestListeners -onStart -> Test Tag Name: Application Test
21:32:13.411 INFO  base.TestListeners -These methods will be executed in this <test> tag
21:32:13.411 INFO  base.TestListeners -loginVerify
21:32:13.411 INFO  base.TestListeners -regressionTest1
21:32:13.411 INFO  base.TestListeners -regressionTest2
21:32:13.411 INFO  base.TestListeners -verifyAboutUSpage
21:32:13.890 INFO  base.TestListeners -onTestSkipped -> Test Method Name: loginVerify
21:32:13.893 INFO  base.TestListeners -onTestFailure -> Test Method Name: loginVerify
21:32:13.923 INFO  base.TestListeners -onFinish -> Test Tag Name: Application Test
21:34:10.608 INFO  utilities.Util -Current Date and Time :: 12_05_2020 21_34_10
21:34:10.837 INFO  base.TestListeners -onStart -> Test Tag Name: Application Test
21:34:10.838 INFO  base.TestListeners -These methods will be executed in this <test> tag
21:34:10.838 INFO  base.TestListeners -loginVerify
21:34:10.838 INFO  base.TestListeners -regressionTest1
21:34:10.838 INFO  base.TestListeners -regressionTest2
21:34:10.838 INFO  base.TestListeners -verifyAboutUSpage
21:34:11.287 INFO  base.TestListeners -onTestSkipped -> Test Method Name: loginVerify
21:34:11.290 INFO  base.TestListeners -onTestFailure -> Test Method Name: loginVerify
21:34:11.322 INFO  base.TestListeners -onFinish -> Test Tag Name: Application Test
21:35:49.840 INFO  utilities.Util -Current Date and Time :: 12_05_2020 21_35_49
21:35:50.049 INFO  base.TestListeners -onStart -> Test Tag Name: Application Test
21:35:50.049 INFO  base.TestListeners -These methods will be executed in this <test> tag
21:35:50.050 INFO  base.TestListeners -loginVerify
21:35:50.050 INFO  base.TestListeners -regressionTest1
21:35:50.050 INFO  base.TestListeners -regressionTest2
21:35:50.050 INFO  base.TestListeners -verifyAboutUSpage
21:35:57.380 INFO  testClasses.TestClass -Login varify Test Started......................................
21:35:58.153 INFO  pageClasses.LoginPage -Loggin into account ............................
21:36:04.305 INFO  pageClasses.LoginPage -Loged in into Account............................
21:36:04.372 INFO  testClasses.TestClass -Login varify Test Passed ......................................
21:36:04.373 INFO  base.TestListeners -onTestSuccess -> Test Method Name: loginVerify
21:36:10.534 INFO  testClasses.TestClass -about us flag verify pass....................................
21:36:10.536 INFO  base.TestListeners -onTestSuccess -> Test Method Name: verifyAboutUSpage
21:36:10.537 INFO  testClasses.TestClass -regression Test1 Started......................................
21:36:10.537 INFO  testClasses.TestClass -regression Test1 end..........................................
21:36:10.538 INFO  base.TestListeners -onTestSuccess -> Test Method Name: regressionTest1
21:36:10.540 INFO  testClasses.TestClass -regression Test2 Started......................................
21:36:10.540 INFO  testClasses.TestClass -regression Test2 end..........................................
21:36:10.541 INFO  base.TestListeners -onTestSuccess -> Test Method Name: regressionTest2
21:36:11.354 INFO  base.TestListeners -onFinish -> Test Tag Name: Application Test
21:42:02.210 INFO  utilities.Util -Current Date and Time :: 12_05_2020 21_42_02
21:42:02.400 INFO  base.TestListeners -onStart -> Test Tag Name: Application Test
21:42:02.400 INFO  base.TestListeners -These methods will be executed in this <test> tag
21:42:02.401 INFO  base.TestListeners -loginVerify
21:42:02.401 INFO  base.TestListeners -regressionTest1
21:42:02.401 INFO  base.TestListeners -regressionTest2
21:42:02.401 INFO  base.TestListeners -verifyAboutUSpage
21:42:03.042 INFO  base.TestListeners -onTestSkipped -> Test Method Name: loginVerify
21:42:03.045 INFO  base.TestListeners -onTestFailure -> Test Method Name: loginVerify
21:42:03.094 INFO  base.TestListeners -onFinish -> Test Tag Name: Application Test
21:42:18.991 INFO  utilities.Util -Current Date and Time :: 12_05_2020 21_42_18
21:42:19.177 INFO  base.TestListeners -onStart -> Test Tag Name: Application Test
21:42:19.178 INFO  base.TestListeners -These methods will be executed in this <test> tag
21:42:19.178 INFO  base.TestListeners -loginVerify
21:42:19.178 INFO  base.TestListeners -regressionTest1
21:42:19.178 INFO  base.TestListeners -regressionTest2
21:42:19.178 INFO  base.TestListeners -verifyAboutUSpage
21:42:19.639 INFO  base.TestListeners -onTestSkipped -> Test Method Name: loginVerify
21:42:19.642 INFO  base.TestListeners -onTestFailure -> Test Method Name: loginVerify
21:42:19.679 INFO  base.TestListeners -onFinish -> Test Tag Name: Application Test
21:42:50.855 INFO  utilities.Util -Current Date and Time :: 12_05_2020 21_42_50
21:42:51.032 INFO  base.TestListeners -onStart -> Test Tag Name: Application Test
21:42:51.032 INFO  base.TestListeners -These methods will be executed in this <test> tag
21:42:51.033 INFO  base.TestListeners -loginVerify
21:42:51.033 INFO  base.TestListeners -regressionTest1
21:42:51.033 INFO  base.TestListeners -regressionTest2
21:42:51.033 INFO  base.TestListeners -verifyAboutUSpage
21:42:51.512 INFO  base.TestListeners -onTestSkipped -> Test Method Name: loginVerify
21:42:51.516 INFO  base.TestListeners -onTestFailure -> Test Method Name: loginVerify
21:42:51.554 INFO  base.TestListeners -onFinish -> Test Tag Name: Application Test
21:50:49.611 INFO  utilities.Util -Current Date and Time :: 12_05_2020 21_50_49
21:50:49.795 INFO  base.TestListeners -onStart -> Test Tag Name: Application Test
21:50:49.795 INFO  base.TestListeners -These methods will be executed in this <test> tag
21:50:49.795 INFO  base.TestListeners -loginVerify
21:50:49.796 INFO  base.TestListeners -regressionTest1
21:50:49.796 INFO  base.TestListeners -regressionTest2
21:50:49.796 INFO  base.TestListeners -verifyAboutUSpage
21:50:50.353 INFO  base.TestListeners -onTestSkipped -> Test Method Name: loginVerify
21:50:50.358 INFO  base.TestListeners -onTestFailure -> Test Method Name: loginVerify
21:50:50.394 INFO  base.TestListeners -onFinish -> Test Tag Name: Application Test
21:53:00.115 INFO  utilities.Util -Current Date and Time :: 12_05_2020 21_53_00
21:53:00.298 INFO  base.TestListeners -onStart -> Test Tag Name: Application Test
21:53:00.298 INFO  base.TestListeners -These methods will be executed in this <test> tag
21:53:00.298 INFO  base.TestListeners -loginVerify
21:53:00.298 INFO  base.TestListeners -regressionTest1
21:53:00.298 INFO  base.TestListeners -regressionTest2
21:53:00.298 INFO  base.TestListeners -verifyAboutUSpage
21:53:00.779 INFO  base.TestListeners -onTestSkipped -> Test Method Name: loginVerify
21:53:00.782 INFO  base.TestListeners -onTestFailure -> Test Method Name: loginVerify
21:53:00.817 INFO  base.TestListeners -onFinish -> Test Tag Name: Application Test
21:53:15.928 INFO  utilities.Util -Current Date and Time :: 12_05_2020 21_53_15
21:53:16.117 INFO  base.TestListeners -onStart -> Test Tag Name: Application Test
21:53:16.117 INFO  base.TestListeners -These methods will be executed in this <test> tag
21:53:16.117 INFO  base.TestListeners -loginVerify
21:53:16.117 INFO  base.TestListeners -regressionTest1
21:53:16.117 INFO  base.TestListeners -regressionTest2
21:53:16.117 INFO  base.TestListeners -verifyAboutUSpage
21:53:16.590 INFO  base.TestListeners -onTestSkipped -> Test Method Name: loginVerify
21:53:16.594 INFO  base.TestListeners -onTestFailure -> Test Method Name: loginVerify
21:53:16.629 INFO  base.TestListeners -onFinish -> Test Tag Name: Application Test
21:54:16.020 INFO  utilities.Util -Current Date and Time :: 12_05_2020 21_54_16
21:54:16.217 INFO  base.TestListeners -onStart -> Test Tag Name: Application Test
21:54:16.217 INFO  base.TestListeners -These methods will be executed in this <test> tag
21:54:16.218 INFO  base.TestListeners -loginVerify
21:54:16.218 INFO  base.TestListeners -regressionTest1
21:54:16.218 INFO  base.TestListeners -regressionTest2
21:54:16.218 INFO  base.TestListeners -verifyAboutUSpage
21:54:16.693 INFO  base.TestListeners -onTestSkipped -> Test Method Name: loginVerify
21:54:16.699 INFO  base.TestListeners -onTestFailure -> Test Method Name: loginVerify
21:54:16.745 INFO  base.TestListeners -onFinish -> Test Tag Name: Application Test
21:55:46.073 INFO  utilities.Util -Current Date and Time :: 12_05_2020 21_55_46
21:55:46.259 INFO  base.TestListeners -onStart -> Test Tag Name: Application Test
21:55:46.259 INFO  base.TestListeners -These methods will be executed in this <test> tag
21:55:46.259 INFO  base.TestListeners -loginVerify
21:55:46.259 INFO  base.TestListeners -regressionTest1
21:55:46.259 INFO  base.TestListeners -regressionTest2
21:55:46.259 INFO  base.TestListeners -verifyAboutUSpage
21:55:46.762 INFO  base.TestListeners -onTestSkipped -> Test Method Name: loginVerify
21:55:46.768 INFO  base.TestListeners -onTestFailure -> Test Method Name: loginVerify
21:55:46.819 INFO  base.TestListeners -onFinish -> Test Tag Name: Application Test
21:57:08.407 INFO  utilities.Util -Current Date and Time :: 12_05_2020 21_57_08
21:57:08.588 INFO  base.TestListeners -onStart -> Test Tag Name: Application Test
21:57:08.588 INFO  base.TestListeners -These methods will be executed in this <test> tag
21:57:08.588 INFO  base.TestListeners -loginVerify
21:57:08.588 INFO  base.TestListeners -regressionTest1
21:57:08.588 INFO  base.TestListeners -regressionTest2
21:57:08.588 INFO  base.TestListeners -verifyAboutUSpage
21:57:09.083 INFO  base.TestListeners -onTestSkipped -> Test Method Name: loginVerify
21:57:09.088 INFO  base.TestListeners -onTestFailure -> Test Method Name: loginVerify
21:57:09.128 INFO  base.TestListeners -onFinish -> Test Tag Name: Application Test
22:03:59.711 INFO  utilities.Util -Current Date and Time :: 12_05_2020 22_03_59
22:03:59.886 INFO  base.TestListeners -onStart -> Test Tag Name: Application Test
22:03:59.886 INFO  base.TestListeners -These methods will be executed in this <test> tag
22:03:59.886 INFO  base.TestListeners -loginVerify
22:03:59.887 INFO  base.TestListeners -regressionTest1
22:03:59.887 INFO  base.TestListeners -regressionTest2
22:03:59.887 INFO  base.TestListeners -verifyAboutUSpage
22:04:00.472 INFO  base.TestListeners -onTestSkipped -> Test Method Name: loginVerify
22:04:00.477 INFO  base.TestListeners -onTestFailure -> Test Method Name: loginVerify
22:04:00.522 INFO  base.TestListeners -onFinish -> Test Tag Name: Application Test
22:08:25.260 INFO  utilities.Util -Current Date and Time :: 12_05_2020 22_08_25
22:08:25.506 INFO  base.TestListeners -onStart -> Test Tag Name: Application Test
22:08:25.507 INFO  base.TestListeners -These methods will be executed in this <test> tag
22:08:25.507 INFO  base.TestListeners -loginVerify
22:08:25.507 INFO  base.TestListeners -regressionTest1
22:08:25.507 INFO  base.TestListeners -regressionTest2
22:08:25.507 INFO  base.TestListeners -verifyAboutUSpage
22:08:26.246 INFO  base.TestListeners -onTestSkipped -> Test Method Name: loginVerify
22:08:26.258 INFO  base.TestListeners -onTestFailure -> Test Method Name: loginVerify
22:08:26.332 INFO  base.TestListeners -onFinish -> Test Tag Name: Application Test
22:10:43.027 INFO  utilities.Util -Current Date and Time :: 12_05_2020 22_10_43
22:10:43.259 INFO  base.TestListeners -onStart -> Test Tag Name: Application Test
22:10:43.259 INFO  base.TestListeners -These methods will be executed in this <test> tag
22:10:43.259 INFO  base.TestListeners -loginVerify
22:10:43.259 INFO  base.TestListeners -regressionTest1
22:10:43.259 INFO  base.TestListeners -regressionTest2
22:10:43.259 INFO  base.TestListeners -verifyAboutUSpage
22:10:43.292 INFO  base.TestListeners -onTestSkipped -> Test Method Name: loginVerify
22:10:43.295 INFO  base.TestListeners -onTestFailure -> Test Method Name: loginVerify
22:10:43.329 INFO  base.TestListeners -onFinish -> Test Tag Name: Application Test
22:12:23.158 INFO  utilities.Util -Current Date and Time :: 12_05_2020 22_12_23
22:12:23.344 INFO  base.TestListeners -onStart -> Test Tag Name: Application Test
22:12:23.344 INFO  base.TestListeners -These methods will be executed in this <test> tag
22:12:23.344 INFO  base.TestListeners -loginVerify
22:12:23.344 INFO  base.TestListeners -regressionTest1
22:12:23.344 INFO  base.TestListeners -regressionTest2
22:12:23.344 INFO  base.TestListeners -verifyAboutUSpage
22:12:23.809 INFO  base.TestListeners -onTestSkipped -> Test Method Name: loginVerify
22:12:23.814 INFO  base.TestListeners -onTestFailure -> Test Method Name: loginVerify
22:12:23.853 INFO  base.TestListeners -onFinish -> Test Tag Name: Application Test
22:13:33.362 INFO  utilities.Util -Current Date and Time :: 12_05_2020 22_13_33
22:13:33.548 INFO  base.TestListeners -onStart -> Test Tag Name: Application Test
22:13:33.548 INFO  base.TestListeners -These methods will be executed in this <test> tag
22:13:33.548 INFO  base.TestListeners -loginVerify
22:13:33.548 INFO  base.TestListeners -regressionTest1
22:13:33.548 INFO  base.TestListeners -regressionTest2
22:13:33.549 INFO  base.TestListeners -verifyAboutUSpage
22:13:34.014 INFO  base.TestListeners -onTestSkipped -> Test Method Name: loginVerify
22:13:34.018 INFO  base.TestListeners -onTestFailure -> Test Method Name: loginVerify
22:13:34.062 INFO  base.TestListeners -onFinish -> Test Tag Name: Application Test
22:20:26.319 INFO  utilities.Util -Current Date and Time :: 12_05_2020 22_20_26
22:20:26.507 INFO  base.TestListeners -onStart -> Test Tag Name: Application Test
22:20:26.507 INFO  base.TestListeners -These methods will be executed in this <test> tag
22:20:26.507 INFO  base.TestListeners -loginVerify
22:20:26.507 INFO  base.TestListeners -regressionTest1
22:20:26.507 INFO  base.TestListeners -regressionTest2
22:20:26.507 INFO  base.TestListeners -verifyAboutUSpage
22:20:27.002 INFO  base.TestListeners -onTestSkipped -> Test Method Name: loginVerify
22:20:27.006 INFO  base.TestListeners -onTestFailure -> Test Method Name: loginVerify
22:20:27.047 INFO  base.TestListeners -onFinish -> Test Tag Name: Application Test
22:40:30.794 INFO  utilities.Util -Current Date and Time :: 12_05_2020 22_40_30
22:40:30.978 INFO  base.TestListeners -onStart -> Test Tag Name: Application Test
22:40:30.979 INFO  base.TestListeners -These methods will be executed in this <test> tag
22:40:30.979 INFO  base.TestListeners -loginVerify
22:40:30.979 INFO  base.TestListeners -regressionTest1
22:40:30.979 INFO  base.TestListeners -regressionTest2
22:40:30.979 INFO  base.TestListeners -verifyAboutUSpage
22:40:39.463 INFO  testClasses.TestClass -Login varify Test Started......................................
22:40:40.124 INFO  pageClasses.LoginPage -Loggin into account ............................
22:40:46.361 INFO  pageClasses.LoginPage -Loged in into Account............................
22:40:46.406 INFO  testClasses.TestClass -Login varify Test Passed ......................................
22:40:46.408 INFO  base.TestListeners -onTestSuccess -> Test Method Name: loginVerify
22:40:50.848 INFO  testClasses.TestClass -about us flag verify pass....................................
22:40:50.850 INFO  base.TestListeners -onTestSuccess -> Test Method Name: verifyAboutUSpage
22:40:50.854 INFO  testClasses.TestClass -regression Test1 Started......................................
22:40:50.854 INFO  testClasses.TestClass -regression Test1 end..........................................
22:40:50.855 INFO  base.TestListeners -onTestSuccess -> Test Method Name: regressionTest1
22:40:50.858 INFO  testClasses.TestClass -regression Test2 Started......................................
22:40:50.858 INFO  testClasses.TestClass -regression Test2 end..........................................
22:40:50.859 INFO  base.TestListeners -onTestSuccess -> Test Method Name: regressionTest2
22:40:50.945 INFO  base.TestListeners -onFinish -> Test Tag Name: Application Test
22:44:11.984 INFO  utilities.Util -Current Date and Time :: 12_05_2020 22_44_11
22:44:12.207 INFO  base.TestListeners -onStart -> Test Tag Name: Application Test
22:44:12.208 INFO  base.TestListeners -These methods will be executed in this <test> tag
22:44:12.208 INFO  base.TestListeners -loginVerify
22:44:12.208 INFO  base.TestListeners -regressionTest1
22:44:12.208 INFO  base.TestListeners -regressionTest2
22:44:12.208 INFO  base.TestListeners -verifyAboutUSpage
22:44:20.307 INFO  testClasses.TestClass -Login varify Test Started......................................
22:44:20.936 INFO  pageClasses.LoginPage -Loggin into account ............................
22:44:27.152 INFO  pageClasses.LoginPage -Loged in into Account............................
22:44:27.197 INFO  testClasses.TestClass -Login varify Test Passed ......................................
22:44:27.200 INFO  base.TestListeners -onTestSuccess -> Test Method Name: loginVerify
22:44:31.385 INFO  testClasses.TestClass -about us flag verify pass....................................
22:44:31.386 INFO  base.TestListeners -onTestSuccess -> Test Method Name: verifyAboutUSpage
22:44:31.387 INFO  testClasses.TestClass -regression Test1 Started......................................
22:44:31.387 INFO  testClasses.TestClass -regression Test1 end..........................................
22:44:31.388 INFO  base.TestListeners -onTestSuccess -> Test Method Name: regressionTest1
22:44:31.390 INFO  testClasses.TestClass -regression Test2 Started......................................
22:44:31.390 INFO  testClasses.TestClass -regression Test2 end..........................................
22:44:31.390 INFO  base.TestListeners -onTestSuccess -> Test Method Name: regressionTest2
22:44:31.465 INFO  base.TestListeners -onFinish -> Test Tag Name: Application Test
22:47:24.862 INFO  utilities.Util -Current Date and Time :: 12_05_2020 22_47_24
22:47:25.057 INFO  base.TestListeners -onStart -> Test Tag Name: Application Test
22:47:25.057 INFO  base.TestListeners -These methods will be executed in this <test> tag
22:47:25.057 INFO  base.TestListeners -loginVerify
22:47:25.057 INFO  base.TestListeners -regressionTest1
22:47:25.057 INFO  base.TestListeners -regressionTest2
22:47:25.057 INFO  base.TestListeners -verifyAboutUSpage
22:47:33.343 INFO  testClasses.TestClass -Login varify Test Started......................................
22:47:33.945 INFO  pageClasses.LoginPage -Loggin into account ............................
22:47:40.219 INFO  pageClasses.LoginPage -Loged in into Account............................
22:47:40.256 INFO  testClasses.TestClass -Login varify Test Passed ......................................
22:47:40.257 INFO  base.TestListeners -onTestSuccess -> Test Method Name: loginVerify
22:47:43.874 INFO  testClasses.TestClass -about us flag verify pass....................................
22:47:43.875 INFO  base.TestListeners -onTestSuccess -> Test Method Name: verifyAboutUSpage
22:47:43.876 INFO  testClasses.TestClass -regression Test1 Started......................................
22:47:43.876 INFO  testClasses.TestClass -regression Test1 end..........................................
22:47:43.877 INFO  base.TestListeners -onTestSuccess -> Test Method Name: regressionTest1
22:47:43.879 INFO  testClasses.TestClass -regression Test2 Started......................................
22:47:43.879 INFO  testClasses.TestClass -regression Test2 end..........................................
22:47:43.879 INFO  base.TestListeners -onTestSuccess -> Test Method Name: regressionTest2
22:47:43.931 INFO  base.TestListeners -onFinish -> Test Tag Name: Application Test
22:48:42.314 INFO  utilities.Util -Current Date and Time :: 12_05_2020 22_48_42
22:48:42.496 INFO  base.TestListeners -onStart -> Test Tag Name: Application Test
22:48:42.496 INFO  base.TestListeners -These methods will be executed in this <test> tag
22:48:42.496 INFO  base.TestListeners -loginVerify
22:48:42.496 INFO  base.TestListeners -regressionTest1
22:48:42.496 INFO  base.TestListeners -regressionTest2
22:48:42.496 INFO  base.TestListeners -verifyAboutUSpage
22:48:43.147 INFO  base.TestListeners -onTestSkipped -> Test Method Name: loginVerify
22:48:43.150 INFO  base.TestListeners -onTestFailure -> Test Method Name: loginVerify
22:48:43.199 INFO  base.TestListeners -onFinish -> Test Tag Name: Application Test
22:57:52.569 INFO  utilities.Util -Current Date and Time :: 12_05_2020 22_57_52
22:57:52.758 INFO  base.TestListeners -onStart -> Test Tag Name: Application Test
22:57:52.758 INFO  base.TestListeners -These methods will be executed in this <test> tag
22:57:52.759 INFO  base.TestListeners -loginVerify
22:57:52.759 INFO  base.TestListeners -regressionTest1
22:57:52.759 INFO  base.TestListeners -regressionTest2
22:57:52.759 INFO  base.TestListeners -verifyAboutUSpage
22:57:53.432 INFO  base.TestListeners -onTestSkipped -> Test Method Name: loginVerify
22:57:53.441 INFO  base.TestListeners -onTestFailure -> Test Method Name: loginVerify
22:57:53.492 INFO  base.TestListeners -onFinish -> Test Tag Name: Application Test
23:03:02.505 INFO  utilities.Util -Current Date and Time :: 12_05_2020 23_03_02
23:03:02.688 INFO  base.TestListeners -onStart -> Test Tag Name: Application Test
23:03:02.688 INFO  base.TestListeners -These methods will be executed in this <test> tag
23:03:02.688 INFO  base.TestListeners -loginVerify
23:03:02.688 INFO  base.TestListeners -regressionTest1
23:03:02.688 INFO  base.TestListeners -regressionTest2
23:03:02.688 INFO  base.TestListeners -verifyAboutUSpage
23:03:03.167 INFO  base.TestListeners -onTestSkipped -> Test Method Name: loginVerify
23:03:03.172 INFO  base.TestListeners -onTestFailure -> Test Method Name: loginVerify
23:03:03.207 INFO  base.TestListeners -onFinish -> Test Tag Name: Application Test
23:07:20.631 INFO  utilities.Util -Current Date and Time :: 12_05_2020 23_07_20
23:07:20.878 INFO  base.TestListeners -onStart -> Test Tag Name: Application Test
23:07:20.878 INFO  base.TestListeners -These methods will be executed in this <test> tag
23:07:20.878 INFO  base.TestListeners -loginVerify
23:07:20.878 INFO  base.TestListeners -regressionTest1
23:07:20.878 INFO  base.TestListeners -regressionTest2
23:07:20.878 INFO  base.TestListeners -verifyAboutUSpage
23:07:21.508 INFO  base.TestListeners -onTestSkipped -> Test Method Name: loginVerify
23:07:21.515 INFO  base.TestListeners -onTestFailure -> Test Method Name: loginVerify
23:07:21.559 INFO  base.TestListeners -onFinish -> Test Tag Name: Application Test
23:08:23.624 INFO  utilities.Util -Current Date and Time :: 12_05_2020 23_08_23
23:08:23.809 INFO  base.TestListeners -onStart -> Test Tag Name: Application Test
23:08:23.809 INFO  base.TestListeners -These methods will be executed in this <test> tag
23:08:23.809 INFO  base.TestListeners -loginVerify
23:08:23.809 INFO  base.TestListeners -regressionTest1
23:08:23.809 INFO  base.TestListeners -regressionTest2
23:08:23.809 INFO  base.TestListeners -verifyAboutUSpage
23:08:24.294 INFO  base.TestListeners -onTestSkipped -> Test Method Name: loginVerify
23:08:24.298 INFO  base.TestListeners -onTestFailure -> Test Method Name: loginVerify
23:08:24.353 INFO  base.TestListeners -onFinish -> Test Tag Name: Application Test
23:11:36.054 INFO  utilities.Util -Current Date and Time :: 12_05_2020 23_11_36
23:11:36.252 INFO  base.TestListeners -onStart -> Test Tag Name: Application Test
23:11:36.252 INFO  base.TestListeners -These methods will be executed in this <test> tag
23:11:36.252 INFO  base.TestListeners -loginVerify
23:11:36.253 INFO  base.TestListeners -regressionTest1
23:11:36.253 INFO  base.TestListeners -regressionTest2
23:11:36.253 INFO  base.TestListeners -verifyAboutUSpage
23:11:37.028 INFO  base.TestListeners -onTestSkipped -> Test Method Name: loginVerify
23:11:37.032 INFO  base.TestListeners -onTestFailure -> Test Method Name: loginVerify
23:11:37.064 INFO  base.TestListeners -onFinish -> Test Tag Name: Application Test
23:12:21.414 INFO  utilities.Util -Current Date and Time :: 12_05_2020 23_12_21
23:12:21.615 INFO  base.TestListeners -onStart -> Test Tag Name: Application Test
23:12:21.615 INFO  base.TestListeners -These methods will be executed in this <test> tag
23:12:21.615 INFO  base.TestListeners -loginVerify
23:12:21.615 INFO  base.TestListeners -regressionTest1
23:12:21.616 INFO  base.TestListeners -regressionTest2
23:12:21.616 INFO  base.TestListeners -verifyAboutUSpage
23:12:28.632 INFO  testClasses.TestClass -Login varify Test Started......................................
23:12:29.434 INFO  pageClasses.LoginPage -Loggin into account ............................
23:12:35.600 INFO  pageClasses.LoginPage -Loged in into Account............................
23:12:35.683 INFO  testClasses.TestClass -Login varify Test Passed ......................................
23:12:35.685 INFO  base.TestListeners -onTestSuccess -> Test Method Name: loginVerify
23:12:42.430 INFO  testClasses.TestClass -about us flag verify pass....................................
23:12:42.432 INFO  base.TestListeners -onTestSuccess -> Test Method Name: verifyAboutUSpage
23:12:42.433 INFO  testClasses.TestClass -regression Test1 Started......................................
23:12:42.433 INFO  testClasses.TestClass -regression Test1 end..........................................
23:12:42.434 INFO  base.TestListeners -onTestSuccess -> Test Method Name: regressionTest1
23:12:42.435 INFO  testClasses.TestClass -regression Test2 Started......................................
23:12:42.435 INFO  testClasses.TestClass -regression Test2 end..........................................
23:12:42.436 INFO  base.TestListeners -onTestSuccess -> Test Method Name: regressionTest2
23:12:43.115 INFO  base.TestListeners -onFinish -> Test Tag Name: Application Test
23:23:00.837 INFO  utilities.Util -Current Date and Time :: 12_05_2020 23_23_00
23:23:01.047 INFO  base.TestListeners -onStart -> Test Tag Name: Application Test
23:23:01.047 INFO  base.TestListeners -These methods will be executed in this <test> tag
23:23:01.047 INFO  base.TestListeners -loginVerify
23:23:01.047 INFO  base.TestListeners -regressionTest1
23:23:01.047 INFO  base.TestListeners -regressionTest2
23:23:01.047 INFO  base.TestListeners -verifyAboutUSpage
23:23:01.516 INFO  base.TestListeners -onTestSkipped -> Test Method Name: loginVerify
23:23:01.522 INFO  base.TestListeners -onTestFailure -> Test Method Name: loginVerify
23:23:01.566 INFO  base.TestListeners -onFinish -> Test Tag Name: Application Test
23:23:26.873 INFO  utilities.Util -Current Date and Time :: 12_05_2020 23_23_26
23:23:27.073 INFO  base.TestListeners -onStart -> Test Tag Name: Application Test
23:23:27.073 INFO  base.TestListeners -These methods will be executed in this <test> tag
23:23:27.073 INFO  base.TestListeners -loginVerify
23:23:27.074 INFO  base.TestListeners -regressionTest1
23:23:27.074 INFO  base.TestListeners -regressionTest2
23:23:27.074 INFO  base.TestListeners -verifyAboutUSpage
23:23:28.888 INFO  base.TestListeners -onTestSkipped -> Test Method Name: loginVerify
23:23:28.894 INFO  base.TestListeners -onTestFailure -> Test Method Name: loginVerify
23:23:28.928 INFO  base.TestListeners -onFinish -> Test Tag Name: Application Test
23:24:01.541 INFO  utilities.Util -Current Date and Time :: 12_05_2020 23_24_01
23:24:01.722 INFO  base.TestListeners -onStart -> Test Tag Name: Application Test
23:24:01.722 INFO  base.TestListeners -These methods will be executed in this <test> tag
23:24:01.722 INFO  base.TestListeners -loginVerify
23:24:01.722 INFO  base.TestListeners -regressionTest1
23:24:01.722 INFO  base.TestListeners -regressionTest2
23:24:01.722 INFO  base.TestListeners -verifyAboutUSpage
23:24:03.172 INFO  base.TestListeners -onTestSkipped -> Test Method Name: loginVerify
23:24:03.178 INFO  base.TestListeners -onTestFailure -> Test Method Name: loginVerify
23:24:03.245 INFO  base.TestListeners -onFinish -> Test Tag Name: Application Test
23:25:19.362 INFO  utilities.Util -Current Date and Time :: 12_05_2020 23_25_19
23:25:19.580 INFO  base.TestListeners -onStart -> Test Tag Name: Application Test
23:25:19.580 INFO  base.TestListeners -These methods will be executed in this <test> tag
23:25:19.580 INFO  base.TestListeners -loginVerify
23:25:19.580 INFO  base.TestListeners -regressionTest1
23:25:19.580 INFO  base.TestListeners -regressionTest2
23:25:19.581 INFO  base.TestListeners -verifyAboutUSpage
23:25:21.089 INFO  base.TestListeners -onTestSkipped -> Test Method Name: loginVerify
23:25:21.096 INFO  base.TestListeners -onTestFailure -> Test Method Name: loginVerify
23:25:21.169 INFO  base.TestListeners -onFinish -> Test Tag Name: Application Test
23:28:57.244 INFO  utilities.Util -Current Date and Time :: 12_05_2020 23_28_57
23:28:57.426 INFO  base.TestListeners -onStart -> Test Tag Name: Application Test
23:28:57.426 INFO  base.TestListeners -These methods will be executed in this <test> tag
23:28:57.426 INFO  base.TestListeners -loginVerify
23:28:57.426 INFO  base.TestListeners -regressionTest1
23:28:57.427 INFO  base.TestListeners -regressionTest2
23:28:57.427 INFO  base.TestListeners -verifyAboutUSpage
23:28:59.580 INFO  base.TestListeners -onTestSkipped -> Test Method Name: loginVerify
23:28:59.586 INFO  base.TestListeners -onTestFailure -> Test Method Name: loginVerify
23:28:59.620 INFO  base.TestListeners -onFinish -> Test Tag Name: Application Test
23:29:38.647 INFO  utilities.Util -Current Date and Time :: 12_05_2020 23_29_38
23:29:38.848 INFO  base.TestListeners -onStart -> Test Tag Name: Application Test
23:29:38.848 INFO  base.TestListeners -These methods will be executed in this <test> tag
23:29:38.848 INFO  base.TestListeners -loginVerify
23:29:38.849 INFO  base.TestListeners -regressionTest1
23:29:38.849 INFO  base.TestListeners -regressionTest2
23:29:38.849 INFO  base.TestListeners -verifyAboutUSpage
23:29:46.479 INFO  testClasses.TestClass -Login varify Test Started......................................
23:29:47.280 INFO  pageClasses.LoginPage -Loggin into account ............................
23:29:53.569 INFO  pageClasses.LoginPage -Loged in into Account............................
23:29:53.644 INFO  testClasses.TestClass -Login varify Test Passed ......................................
23:29:53.645 INFO  base.TestListeners -onTestSuccess -> Test Method Name: loginVerify
23:30:00.473 INFO  testClasses.TestClass -about us flag verify pass....................................
23:30:00.473 INFO  base.TestListeners -onTestSuccess -> Test Method Name: verifyAboutUSpage
23:30:00.474 INFO  testClasses.TestClass -regression Test1 Started......................................
23:30:00.474 INFO  testClasses.TestClass -regression Test1 end..........................................
23:30:00.475 INFO  base.TestListeners -onTestSuccess -> Test Method Name: regressionTest1
23:30:00.477 INFO  testClasses.TestClass -regression Test2 Started......................................
23:30:00.477 INFO  testClasses.TestClass -regression Test2 end..........................................
23:30:00.478 INFO  base.TestListeners -onTestSuccess -> Test Method Name: regressionTest2
23:30:01.345 INFO  base.TestListeners -onFinish -> Test Tag Name: Application Test
23:46:32.413 INFO  utilities.Util -Current Date and Time :: 12_05_2020 23_46_32
23:46:32.593 INFO  base.TestListeners -onStart -> Test Tag Name: Application Test
23:46:32.593 INFO  base.TestListeners -These methods will be executed in this <test> tag
23:46:32.593 INFO  base.TestListeners -loginVerify
23:46:32.593 INFO  base.TestListeners -regressionTest1
23:46:32.593 INFO  base.TestListeners -regressionTest2
23:46:32.593 INFO  base.TestListeners -verifyAboutUSpage
23:46:33.752 INFO  base.TestListeners -onTestSkipped -> Test Method Name: loginVerify
23:46:33.758 INFO  base.TestListeners -onTestFailure -> Test Method Name: loginVerify
23:46:33.831 INFO  base.TestListeners -onFinish -> Test Tag Name: Application Test
23:47:17.135 INFO  utilities.Util -Current Date and Time :: 12_05_2020 23_47_17
23:47:17.317 INFO  base.TestListeners -onStart -> Test Tag Name: Application Test
23:47:17.318 INFO  base.TestListeners -These methods will be executed in this <test> tag
23:47:17.318 INFO  base.TestListeners -loginVerify
23:47:17.318 INFO  base.TestListeners -regressionTest1
23:47:17.318 INFO  base.TestListeners -regressionTest2
23:47:17.318 INFO  base.TestListeners -verifyAboutUSpage
23:47:18.417 INFO  base.TestListeners -onTestSkipped -> Test Method Name: loginVerify
23:47:18.422 INFO  base.TestListeners -onTestFailure -> Test Method Name: loginVerify
23:47:18.478 INFO  base.TestListeners -onFinish -> Test Tag Name: Application Test
23:50:36.926 INFO  utilities.Util -Current Date and Time :: 12_05_2020 23_50_36
23:50:37.133 INFO  base.TestListeners -onStart -> Test Tag Name: Application Test
23:50:37.133 INFO  base.TestListeners -These methods will be executed in this <test> tag
23:50:37.134 INFO  base.TestListeners -loginVerify
23:50:37.134 INFO  base.TestListeners -regressionTest1
23:50:37.134 INFO  base.TestListeners -regressionTest2
23:50:37.134 INFO  base.TestListeners -verifyAboutUSpage
23:50:38.505 INFO  base.TestListeners -onTestSkipped -> Test Method Name: loginVerify
23:50:38.510 INFO  base.TestListeners -onTestFailure -> Test Method Name: loginVerify
23:50:38.575 INFO  base.TestListeners -onFinish -> Test Tag Name: Application Test
23:53:10.897 INFO  utilities.Util -Current Date and Time :: 12_05_2020 23_53_10
23:53:11.084 INFO  base.TestListeners -onStart -> Test Tag Name: Application Test
23:53:11.084 INFO  base.TestListeners -These methods will be executed in this <test> tag
23:53:11.084 INFO  base.TestListeners -loginVerify
23:53:11.084 INFO  base.TestListeners -regressionTest1
23:53:11.085 INFO  base.TestListeners -regressionTest2
23:53:11.085 INFO  base.TestListeners -verifyAboutUSpage
23:53:12.977 INFO  base.TestListeners -onTestSkipped -> Test Method Name: loginVerify
23:53:12.983 INFO  base.TestListeners -onTestFailure -> Test Method Name: loginVerify
23:53:13.030 INFO  base.TestListeners -onFinish -> Test Tag Name: Application Test
