12:04:39.674 INFO  utilities.Util -Current Date and Time :: 12_06_2020 12_04_39
12:04:39.877 INFO  base.TestListeners -onStart -> Test Tag Name: Application Test
12:04:39.877 INFO  base.TestListeners -These methods will be executed in this <test> tag
12:04:39.877 INFO  base.TestListeners -loginVerify
12:04:39.877 INFO  base.TestListeners -regressionTest1
12:04:39.877 INFO  base.TestListeners -regressionTest2
12:04:39.877 INFO  base.TestListeners -verifyAboutUSpage
12:04:40.561 INFO  base.TestListeners -onTestSkipped -> Test Method Name: loginVerify
12:04:40.569 INFO  base.TestListeners -onTestFailure -> Test Method Name: loginVerify
12:04:40.638 INFO  base.TestListeners -onFinish -> Test Tag Name: Application Test
12:05:59.139 INFO  utilities.Util -Current Date and Time :: 12_06_2020 12_05_59
12:05:59.317 INFO  base.TestListeners -onStart -> Test Tag Name: Application Test
12:05:59.317 INFO  base.TestListeners -These methods will be executed in this <test> tag
12:05:59.317 INFO  base.TestListeners -loginVerify
12:05:59.317 INFO  base.TestListeners -regressionTest1
12:05:59.317 INFO  base.TestListeners -regressionTest2
12:05:59.318 INFO  base.TestListeners -verifyAboutUSpage
12:05:59.784 INFO  base.TestListeners -onTestSkipped -> Test Method Name: loginVerify
12:05:59.789 INFO  base.TestListeners -onTestFailure -> Test Method Name: loginVerify
12:05:59.825 INFO  base.TestListeners -onFinish -> Test Tag Name: Application Test
12:12:06.892 INFO  utilities.Util -Current Date and Time :: 12_06_2020 12_12_06
12:12:07.073 INFO  base.TestListeners -onStart -> Test Tag Name: Application Test
12:12:07.073 INFO  base.TestListeners -These methods will be executed in this <test> tag
12:12:07.073 INFO  base.TestListeners -loginVerify
12:12:07.073 INFO  base.TestListeners -regressionTest1
12:12:07.073 INFO  base.TestListeners -regressionTest2
12:12:07.073 INFO  base.TestListeners -verifyAboutUSpage
12:12:15.640 INFO  testClasses.TestClass -Login varify Test Started......................................
12:12:16.241 INFO  pageClasses.LoginPage -Loggin into account ............................
12:12:22.487 INFO  pageClasses.LoginPage -Loged in into Account............................
12:12:22.527 INFO  testClasses.TestClass -Login varify Test Passed ......................................
12:12:22.529 INFO  base.TestListeners -onTestSuccess -> Test Method Name: loginVerify
12:12:26.837 INFO  testClasses.TestClass -about us flag verify pass....................................
12:12:26.838 INFO  base.TestListeners -onTestSuccess -> Test Method Name: verifyAboutUSpage
12:12:26.839 INFO  testClasses.TestClass -regression Test1 Started......................................
12:12:26.839 INFO  testClasses.TestClass -regression Test1 end..........................................
12:12:26.840 INFO  base.TestListeners -onTestSuccess -> Test Method Name: regressionTest1
12:12:26.841 INFO  testClasses.TestClass -regression Test2 Started......................................
12:12:26.841 INFO  testClasses.TestClass -regression Test2 end..........................................
12:12:26.841 INFO  base.TestListeners -onTestSuccess -> Test Method Name: regressionTest2
12:12:26.912 INFO  base.TestListeners -onFinish -> Test Tag Name: Application Test
13:19:00.162 INFO  utilities.Util -Current Date and Time :: 12_06_2020 13_19_00
13:19:00.350 INFO  base.TestListeners -onStart -> Test Tag Name: Application Test
13:19:00.350 INFO  base.TestListeners -These methods will be executed in this <test> tag
13:19:00.350 INFO  base.TestListeners -loginVerify
13:19:00.350 INFO  base.TestListeners -regressionTest1
13:19:00.350 INFO  base.TestListeners -regressionTest2
13:19:00.350 INFO  base.TestListeners -verifyAboutUSpage
13:19:13.329 INFO  testClasses.TestClass -Login varify Test Started......................................
13:19:15.119 INFO  pageClasses.LoginPage -Loggin into account ............................
13:19:17.300 INFO  pageClasses.LoginPage -Loged in into Account............................
13:19:17.575 INFO  testClasses.TestClass -Login varify Test Passed ......................................
13:19:17.577 INFO  base.TestListeners -onTestSuccess -> Test Method Name: loginVerify
13:19:45.215 INFO  testClasses.TestClass -about us flag verify pass....................................
13:19:45.218 INFO  base.TestListeners -onTestSuccess -> Test Method Name: verifyAboutUSpage
13:19:45.220 INFO  testClasses.TestClass -regression Test1 Started......................................
13:19:45.221 INFO  testClasses.TestClass -regression Test1 end..........................................
13:19:45.222 INFO  base.TestListeners -onTestSuccess -> Test Method Name: regressionTest1
13:19:45.225 INFO  testClasses.TestClass -regression Test2 Started......................................
13:19:45.225 INFO  testClasses.TestClass -regression Test2 end..........................................
13:19:45.226 INFO  base.TestListeners -onTestSuccess -> Test Method Name: regressionTest2
13:19:47.780 INFO  base.TestListeners -onFinish -> Test Tag Name: Application Test
13:27:12.269 INFO  utilities.Util -Current Date and Time :: 12_06_2020 13_27_12
13:27:12.483 INFO  base.TestListeners -onStart -> Test Tag Name: Application Test
13:27:12.483 INFO  base.TestListeners -These methods will be executed in this <test> tag
13:27:12.483 INFO  base.TestListeners -loginVerify
13:27:12.484 INFO  base.TestListeners -regressionTest1
13:27:12.484 INFO  base.TestListeners -regressionTest2
13:27:12.484 INFO  base.TestListeners -verifyAboutUSpage
13:27:26.858 INFO  testClasses.TestClass -Login varify Test Started......................................
13:27:28.415 INFO  pageClasses.LoginPage -Loggin into account ............................
13:27:30.733 INFO  pageClasses.LoginPage -Loged in into Account............................
13:27:31.266 INFO  testClasses.TestClass -Login varify Test Passed ......................................
13:27:31.267 INFO  base.TestListeners -onTestSuccess -> Test Method Name: loginVerify
13:27:59.835 INFO  testClasses.TestClass -about us flag verify pass....................................
13:27:59.836 INFO  base.TestListeners -onTestSuccess -> Test Method Name: verifyAboutUSpage
13:27:59.837 INFO  testClasses.TestClass -regression Test1 Started......................................
13:27:59.837 INFO  testClasses.TestClass -regression Test1 end..........................................
13:27:59.838 INFO  base.TestListeners -onTestSuccess -> Test Method Name: regressionTest1
13:27:59.841 INFO  testClasses.TestClass -regression Test2 Started......................................
13:27:59.841 INFO  testClasses.TestClass -regression Test2 end..........................................
13:27:59.843 INFO  base.TestListeners -onTestSuccess -> Test Method Name: regressionTest2
13:28:01.615 INFO  base.TestListeners -onFinish -> Test Tag Name: Application Test
